<?xml version="1.0" encoding="UTF-8"?>
<!-- Generated by org.testng.reporters.JUnitReportReporter -->
<testsuite hostname="arzu" failures="0" tests="4" name="com.syntax.TestCases.LoginHRMS" time="34.420" errors="0" timestamp="2020-09-10T21:02:52 CDT" skipped="0">
  <testcase classname="com.syntax.TestCases.LoginHRMS" name="LoginMissingPassword" time="7.918"/>
  <system-out/>
  <testcase classname="com.syntax.TestCases.LoginHRMS" name="LoginMissingUsername" time="9.582"/>
  <system-out/>
  <testcase classname="com.syntax.TestCases.LoginHRMS" name="loginValidCredentials" time="9.758"/>
  <system-out/>
  <testcase classname="com.syntax.TestCases.LoginHRMS" name="loginInvalidCredentials" time="7.162"/>
  <system-out/>
</testsuite> <!-- com.syntax.TestCases.LoginHRMS -->
