<?xml version="1.0" encoding="UTF-8"?>
<!-- Generated by org.testng.reporters.JUnitReportReporter -->
<testsuite hostname="arzu" failures="0" tests="4" name="com.syntax.TestCases.LoginHRMS" time="53.994" errors="0" timestamp="2020-10-17T23:02:14 CDT" skipped="0">
  <testcase classname="com.syntax.TestCases.LoginHRMS" name="LoginMissingUsername" time="12.191"/>
  <system-out/>
  <testcase classname="com.syntax.TestCases.LoginHRMS" name="LoginMissingPassword" time="11.766"/>
  <system-out/>
  <testcase classname="com.syntax.TestCases.LoginHRMS" name="loginInvalidCredentials" time="16.032"/>
  <system-out/>
  <testcase classname="com.syntax.TestCases.LoginHRMS" name="loginValidCredentials" time="14.005"/>
  <system-out/>
</testsuite> <!-- com.syntax.TestCases.LoginHRMS -->
