<?xml version="1.0" encoding="UTF-8"?>
<!-- Generated by org.testng.reporters.JUnitReportReporter -->
<testsuite hostname="arzu" failures="0" tests="1" name="com.syntax.testClasses.Tesst" time="0.011" errors="0" timestamp="2020-09-07T14:59:16 CDT" skipped="0">
  <testcase classname="com.syntax.testClasses.Tesst" name="loginHRMS" time="0.011"/>
  <system-out/>
</testsuite> <!-- com.syntax.testClasses.Tesst -->
